[2017-03-12 12:24:38,736] INFO KafkaConfig values: 
	advertised.host.name = null
	advertised.listeners = null
	advertised.port = null
	authorizer.class.name = 
	auto.create.topics.enable = true
	auto.leader.rebalance.enable = true
	background.threads = 10
	broker.id = 0
	broker.id.generation.enable = true
	broker.rack = null
	compression.type = producer
	connections.max.idle.ms = 600000
	controlled.shutdown.enable = true
	controlled.shutdown.max.retries = 3
	controlled.shutdown.retry.backoff.ms = 5000
	controller.socket.timeout.ms = 30000
	create.topic.policy.class.name = null
	default.replication.factor = 1
	delete.topic.enable = false
	fetch.purgatory.purge.interval.requests = 1000
	group.max.session.timeout.ms = 300000
	group.min.session.timeout.ms = 6000
	host.name = 
	inter.broker.listener.name = null
	inter.broker.protocol.version = 0.10.2-IV0
	leader.imbalance.check.interval.seconds = 300
	leader.imbalance.per.broker.percentage = 10
	listener.security.protocol.map = SSL:SSL,SASL_PLAINTEXT:SASL_PLAINTEXT,TRACE:TRACE,SASL_SSL:SASL_SSL,PLAINTEXT:PLAINTEXT
	listeners = null
	log.cleaner.backoff.ms = 15000
	log.cleaner.dedupe.buffer.size = 134217728
	log.cleaner.delete.retention.ms = 86400000
	log.cleaner.enable = true
	log.cleaner.io.buffer.load.factor = 0.9
	log.cleaner.io.buffer.size = 524288
	log.cleaner.io.max.bytes.per.second = 1.7976931348623157E308
	log.cleaner.min.cleanable.ratio = 0.5
	log.cleaner.min.compaction.lag.ms = 0
	log.cleaner.threads = 1
	log.cleanup.policy = [delete]
	log.dir = /tmp/kafka-logs
	log.dirs = /tmp/kafka-logs
	log.flush.interval.messages = 9223372036854775807
	log.flush.interval.ms = null
	log.flush.offset.checkpoint.interval.ms = 60000
	log.flush.scheduler.interval.ms = 9223372036854775807
	log.index.interval.bytes = 4096
	log.index.size.max.bytes = 10485760
	log.message.format.version = 0.10.2-IV0
	log.message.timestamp.difference.max.ms = 9223372036854775807
	log.message.timestamp.type = CreateTime
	log.preallocate = false
	log.retention.bytes = -1
	log.retention.check.interval.ms = 300000
	log.retention.hours = 168
	log.retention.minutes = null
	log.retention.ms = null
	log.roll.hours = 168
	log.roll.jitter.hours = 0
	log.roll.jitter.ms = null
	log.roll.ms = null
	log.segment.bytes = 1073741824
	log.segment.delete.delay.ms = 60000
	max.connections.per.ip = 2147483647
	max.connections.per.ip.overrides = 
	message.max.bytes = 1000012
	metric.reporters = []
	metrics.num.samples = 2
	metrics.recording.level = INFO
	metrics.sample.window.ms = 30000
	min.insync.replicas = 1
	num.io.threads = 8
	num.network.threads = 3
	num.partitions = 1
	num.recovery.threads.per.data.dir = 1
	num.replica.fetchers = 1
	offset.metadata.max.bytes = 4096
	offsets.commit.required.acks = -1
	offsets.commit.timeout.ms = 5000
	offsets.load.buffer.size = 5242880
	offsets.retention.check.interval.ms = 600000
	offsets.retention.minutes = 1440
	offsets.topic.compression.codec = 0
	offsets.topic.num.partitions = 50
	offsets.topic.replication.factor = 3
	offsets.topic.segment.bytes = 104857600
	port = 9092
	principal.builder.class = class org.apache.kafka.common.security.auth.DefaultPrincipalBuilder
	producer.purgatory.purge.interval.requests = 1000
	queued.max.requests = 500
	quota.consumer.default = 9223372036854775807
	quota.producer.default = 9223372036854775807
	quota.window.num = 11
	quota.window.size.seconds = 1
	replica.fetch.backoff.ms = 1000
	replica.fetch.max.bytes = 1048576
	replica.fetch.min.bytes = 1
	replica.fetch.response.max.bytes = 10485760
	replica.fetch.wait.max.ms = 500
	replica.high.watermark.checkpoint.interval.ms = 5000
	replica.lag.time.max.ms = 10000
	replica.socket.receive.buffer.bytes = 65536
	replica.socket.timeout.ms = 30000
	replication.quota.window.num = 11
	replication.quota.window.size.seconds = 1
	request.timeout.ms = 30000
	reserved.broker.max.id = 1000
	sasl.enabled.mechanisms = [GSSAPI]
	sasl.kerberos.kinit.cmd = /usr/bin/kinit
	sasl.kerberos.min.time.before.relogin = 60000
	sasl.kerberos.principal.to.local.rules = [DEFAULT]
	sasl.kerberos.service.name = null
	sasl.kerberos.ticket.renew.jitter = 0.05
	sasl.kerberos.ticket.renew.window.factor = 0.8
	sasl.mechanism.inter.broker.protocol = GSSAPI
	security.inter.broker.protocol = PLAINTEXT
	socket.receive.buffer.bytes = 102400
	socket.request.max.bytes = 104857600
	socket.send.buffer.bytes = 102400
	ssl.cipher.suites = null
	ssl.client.auth = none
	ssl.enabled.protocols = [TLSv1.2, TLSv1.1, TLSv1]
	ssl.endpoint.identification.algorithm = null
	ssl.key.password = null
	ssl.keymanager.algorithm = SunX509
	ssl.keystore.location = null
	ssl.keystore.password = null
	ssl.keystore.type = JKS
	ssl.protocol = TLS
	ssl.provider = null
	ssl.secure.random.implementation = null
	ssl.trustmanager.algorithm = PKIX
	ssl.truststore.location = null
	ssl.truststore.password = null
	ssl.truststore.type = JKS
	unclean.leader.election.enable = true
	zookeeper.connect = localhost:2181
	zookeeper.connection.timeout.ms = 6000
	zookeeper.session.timeout.ms = 6000
	zookeeper.set.acl = false
	zookeeper.sync.time.ms = 2000
 (kafka.server.KafkaConfig)
[2017-03-12 12:24:38,816] INFO starting (kafka.server.KafkaServer)
[2017-03-12 12:24:38,821] INFO Connecting to zookeeper on localhost:2181 (kafka.server.KafkaServer)
[2017-03-12 12:24:39,207] INFO Cluster ID = jyXXKWUTQIWtEay_JVXqGA (kafka.server.KafkaServer)
[2017-03-12 12:24:39,209] WARN No meta.properties file under dir /tmp/kafka-logs/meta.properties (kafka.server.BrokerMetadataCheckpoint)
[2017-03-12 12:24:39,256] INFO [ThrottledRequestReaper-Fetch], Starting  (kafka.server.ClientQuotaManager$ThrottledRequestReaper)
[2017-03-12 12:24:39,267] INFO [ThrottledRequestReaper-Produce], Starting  (kafka.server.ClientQuotaManager$ThrottledRequestReaper)
[2017-03-12 12:24:39,315] INFO Log directory '/tmp/kafka-logs' not found, creating it. (kafka.log.LogManager)
[2017-03-12 12:24:39,328] INFO Loading logs. (kafka.log.LogManager)
[2017-03-12 12:24:39,334] INFO Logs loading complete in 6 ms. (kafka.log.LogManager)
[2017-03-12 12:24:39,485] INFO Starting log cleanup with a period of 300000 ms. (kafka.log.LogManager)
[2017-03-12 12:24:39,487] INFO Starting log flusher with a default period of 9223372036854775807 ms. (kafka.log.LogManager)
[2017-03-12 12:24:39,533] INFO Awaiting socket connections on 0.0.0.0:9092. (kafka.network.Acceptor)
[2017-03-12 12:24:39,536] INFO [Socket Server on Broker 0], Started 1 acceptor threads (kafka.network.SocketServer)
[2017-03-12 12:24:39,560] INFO [ExpirationReaper-0], Starting  (kafka.server.DelayedOperationPurgatory$ExpiredOperationReaper)
[2017-03-12 12:24:39,562] INFO [ExpirationReaper-0], Starting  (kafka.server.DelayedOperationPurgatory$ExpiredOperationReaper)
[2017-03-12 12:24:39,617] INFO Creating /controller (is it secure? false) (kafka.utils.ZKCheckedEphemeral)
[2017-03-12 12:24:39,626] INFO Result of znode creation is: OK (kafka.utils.ZKCheckedEphemeral)
[2017-03-12 12:24:39,626] INFO 0 successfully elected as leader (kafka.server.ZookeeperLeaderElector)
[2017-03-12 12:24:39,739] INFO [ExpirationReaper-0], Starting  (kafka.server.DelayedOperationPurgatory$ExpiredOperationReaper)
[2017-03-12 12:24:39,739] INFO [ExpirationReaper-0], Starting  (kafka.server.DelayedOperationPurgatory$ExpiredOperationReaper)
[2017-03-12 12:24:39,746] INFO [ExpirationReaper-0], Starting  (kafka.server.DelayedOperationPurgatory$ExpiredOperationReaper)
[2017-03-12 12:24:39,766] INFO [GroupCoordinator 0]: Starting up. (kafka.coordinator.GroupCoordinator)
[2017-03-12 12:24:39,776] INFO [GroupCoordinator 0]: Startup complete. (kafka.coordinator.GroupCoordinator)
[2017-03-12 12:24:39,785] INFO [Group Metadata Manager on Broker 0]: Removed 0 expired offsets in 4 milliseconds. (kafka.coordinator.GroupMetadataManager)
[2017-03-12 12:24:39,808] INFO Will not load MX4J, mx4j-tools.jar is not in the classpath (kafka.utils.Mx4jLoader$)
[2017-03-12 12:24:39,870] INFO Creating /brokers/ids/0 (is it secure? false) (kafka.utils.ZKCheckedEphemeral)
[2017-03-12 12:24:39,885] INFO Result of znode creation is: OK (kafka.utils.ZKCheckedEphemeral)
[2017-03-12 12:24:39,887] INFO Registered broker 0 at path /brokers/ids/0 with addresses: EndPoint(cu-cs-vm,9092,ListenerName(PLAINTEXT),PLAINTEXT) (kafka.utils.ZkUtils)
[2017-03-12 12:24:39,887] WARN No meta.properties file under dir /tmp/kafka-logs/meta.properties (kafka.server.BrokerMetadataCheckpoint)
[2017-03-12 12:24:39,908] INFO New leader is 0 (kafka.server.ZookeeperLeaderElector$LeaderChangeListener)
[2017-03-12 12:24:39,943] INFO [Kafka Server 0], started (kafka.server.KafkaServer)
[2017-03-12 12:26:01,522] INFO [ReplicaFetcherManager on broker 0] Removed fetcher for partitions test-0 (kafka.server.ReplicaFetcherManager)
[2017-03-12 12:26:01,607] INFO Completed load of log test-0 with 1 log segments and log end offset 0 in 53 ms (kafka.log.Log)
[2017-03-12 12:26:01,612] INFO Created log for partition [test,0] in /tmp/kafka-logs with properties {compression.type -> producer, message.format.version -> 0.10.2-IV0, file.delete.delay.ms -> 60000, max.message.bytes -> 1000012, min.compaction.lag.ms -> 0, message.timestamp.type -> CreateTime, min.insync.replicas -> 1, segment.jitter.ms -> 0, preallocate -> false, min.cleanable.dirty.ratio -> 0.5, index.interval.bytes -> 4096, unclean.leader.election.enable -> true, retention.bytes -> -1, delete.retention.ms -> 86400000, cleanup.policy -> [delete], flush.ms -> 9223372036854775807, segment.ms -> 604800000, segment.bytes -> 1073741824, retention.ms -> 604800000, message.timestamp.difference.max.ms -> 9223372036854775807, segment.index.bytes -> 10485760, flush.messages -> 9223372036854775807}. (kafka.log.LogManager)
[2017-03-12 12:26:01,614] INFO Partition [test,0] on broker 0: No checkpointed highwatermark is found for partition test-0 (kafka.cluster.Partition)
[2017-03-12 12:27:18,089] INFO Topic creation {"version":1,"partitions":{"45":[0],"34":[0],"12":[0],"8":[0],"19":[0],"23":[0],"4":[0],"40":[0],"15":[0],"11":[0],"9":[0],"44":[0],"33":[0],"22":[0],"26":[0],"37":[0],"13":[0],"46":[0],"24":[0],"35":[0],"16":[0],"5":[0],"10":[0],"48":[0],"21":[0],"43":[0],"32":[0],"49":[0],"6":[0],"36":[0],"1":[0],"39":[0],"17":[0],"25":[0],"14":[0],"47":[0],"31":[0],"42":[0],"0":[0],"20":[0],"27":[0],"2":[0],"38":[0],"18":[0],"30":[0],"7":[0],"29":[0],"41":[0],"3":[0],"28":[0]}} (kafka.admin.AdminUtils$)
[2017-03-12 12:27:18,101] INFO [KafkaApi-0] Auto creation of topic __consumer_offsets with 50 partitions and replication factor 1 is successful (kafka.server.KafkaApis)
[2017-03-12 12:27:19,074] INFO [ReplicaFetcherManager on broker 0] Removed fetcher for partitions __consumer_offsets-22,__consumer_offsets-30,__consumer_offsets-8,__consumer_offsets-21,__consumer_offsets-4,__consumer_offsets-27,__consumer_offsets-7,__consumer_offsets-9,__consumer_offsets-46,__consumer_offsets-25,__consumer_offsets-35,__consumer_offsets-41,__consumer_offsets-33,__consumer_offsets-23,__consumer_offsets-49,__consumer_offsets-47,__consumer_offsets-16,__consumer_offsets-28,__consumer_offsets-31,__consumer_offsets-36,__consumer_offsets-42,__consumer_offsets-3,__consumer_offsets-18,__consumer_offsets-37,__consumer_offsets-15,__consumer_offsets-24,__consumer_offsets-38,__consumer_offsets-17,__consumer_offsets-48,__consumer_offsets-19,__consumer_offsets-11,__consumer_offsets-13,__consumer_offsets-2,__consumer_offsets-43,__consumer_offsets-6,__consumer_offsets-14,__consumer_offsets-20,__consumer_offsets-0,__consumer_offsets-44,__consumer_offsets-39,__consumer_offsets-12,__consumer_offsets-45,__consumer_offsets-1,__consumer_offsets-5,__consumer_offsets-26,__consumer_offsets-29,__consumer_offsets-34,__consumer_offsets-10,__consumer_offsets-32,__consumer_offsets-40 (kafka.server.ReplicaFetcherManager)
[2017-03-12 12:27:19,083] INFO Completed load of log __consumer_offsets-0 with 1 log segments and log end offset 0 in 1 ms (kafka.log.Log)
[2017-03-12 12:27:19,084] INFO Created log for partition [__consumer_offsets,0] in /tmp/kafka-logs with properties {compression.type -> producer, message.format.version -> 0.10.2-IV0, file.delete.delay.ms -> 60000, max.message.bytes -> 1000012, min.compaction.lag.ms -> 0, message.timestamp.type -> CreateTime, min.insync.replicas -> 1, segment.jitter.ms -> 0, preallocate -> false, min.cleanable.dirty.ratio -> 0.5, index.interval.bytes -> 4096, unclean.leader.election.enable -> true, retention.bytes -> -1, delete.retention.ms -> 86400000, cleanup.policy -> compact, flush.ms -> 9223372036854775807, segment.ms -> 604800000, segment.bytes -> 104857600, retention.ms -> 604800000, message.timestamp.difference.max.ms -> 9223372036854775807, segment.index.bytes -> 10485760, flush.messages -> 9223372036854775807}. (kafka.log.LogManager)
[2017-03-12 12:27:19,085] INFO Partition [__consumer_offsets,0] on broker 0: No checkpointed highwatermark is found for partition __consumer_offsets-0 (kafka.cluster.Partition)
[2017-03-12 12:27:19,089] INFO Completed load of log __consumer_offsets-29 with 1 log segments and log end offset 0 in 1 ms (kafka.log.Log)
[2017-03-12 12:27:19,090] INFO Created log for partition [__consumer_offsets,29] in /tmp/kafka-logs with properties {compression.type -> producer, message.format.version -> 0.10.2-IV0, file.delete.delay.ms -> 60000, max.message.bytes -> 1000012, min.compaction.lag.ms -> 0, message.timestamp.type -> CreateTime, min.insync.replicas -> 1, segment.jitter.ms -> 0, preallocate -> false, min.cleanable.dirty.ratio -> 0.5, index.interval.bytes -> 4096, unclean.leader.election.enable -> true, retention.bytes -> -1, delete.retention.ms -> 86400000, cleanup.policy -> compact, flush.ms -> 9223372036854775807, segment.ms -> 604800000, segment.bytes -> 104857600, retention.ms -> 604800000, message.timestamp.difference.max.ms -> 9223372036854775807, segment.index.bytes -> 10485760, flush.messages -> 9223372036854775807}. (kafka.log.LogManager)
[2017-03-12 12:27:19,091] INFO Partition [__consumer_offsets,29] on broker 0: No checkpointed highwatermark is found for partition __consumer_offsets-29 (kafka.cluster.Partition)
[2017-03-12 12:27:19,094] INFO Completed load of log __consumer_offsets-48 with 1 log segments and log end offset 0 in 0 ms (kafka.log.Log)
[2017-03-12 12:27:19,095] INFO Created log for partition [__consumer_offsets,48] in /tmp/kafka-logs with properties {compression.type -> producer, message.format.version -> 0.10.2-IV0, file.delete.delay.ms -> 60000, max.message.bytes -> 1000012, min.compaction.lag.ms -> 0, message.timestamp.type -> CreateTime, min.insync.replicas -> 1, segment.jitter.ms -> 0, preallocate -> false, min.cleanable.dirty.ratio -> 0.5, index.interval.bytes -> 4096, unclean.leader.election.enable -> true, retention.bytes -> -1, delete.retention.ms -> 86400000, cleanup.policy -> compact, flush.ms -> 9223372036854775807, segment.ms -> 604800000, segment.bytes -> 104857600, retention.ms -> 604800000, message.timestamp.difference.max.ms -> 9223372036854775807, segment.index.bytes -> 10485760, flush.messages -> 9223372036854775807}. (kafka.log.LogManager)
[2017-03-12 12:27:19,098] INFO Partition [__consumer_offsets,48] on broker 0: No checkpointed highwatermark is found for partition __consumer_offsets-48 (kafka.cluster.Partition)
[2017-03-12 12:27:19,113] INFO Completed load of log __consumer_offsets-10 with 1 log segments and log end offset 0 in 0 ms (kafka.log.Log)
[2017-03-12 12:27:19,114] INFO Created log for partition [__consumer_offsets,10] in /tmp/kafka-logs with properties {compression.type -> producer, message.format.version -> 0.10.2-IV0, file.delete.delay.ms -> 60000, max.message.bytes -> 1000012, min.compaction.lag.ms -> 0, message.timestamp.type -> CreateTime, min.insync.replicas -> 1, segment.jitter.ms -> 0, preallocate -> false, min.cleanable.dirty.ratio -> 0.5, index.interval.bytes -> 4096, unclean.leader.election.enable -> true, retention.bytes -> -1, delete.retention.ms -> 86400000, cleanup.policy -> compact, flush.ms -> 9223372036854775807, segment.ms -> 604800000, segment.bytes -> 104857600, retention.ms -> 604800000, message.timestamp.difference.max.ms -> 9223372036854775807, segment.index.bytes -> 10485760, flush.messages -> 9223372036854775807}. (kafka.log.LogManager)
[2017-03-12 12:27:19,114] INFO Partition [__consumer_offsets,10] on broker 0: No checkpointed highwatermark is found for partition __consumer_offsets-10 (kafka.cluster.Partition)
[2017-03-12 12:27:19,117] INFO Completed load of log __consumer_offsets-45 with 1 log segments and log end offset 0 in 1 ms (kafka.log.Log)
[2017-03-12 12:27:19,147] INFO Created log for partition [__consumer_offsets,45] in /tmp/kafka-logs with properties {compression.type -> producer, message.format.version -> 0.10.2-IV0, file.delete.delay.ms -> 60000, max.message.bytes -> 1000012, min.compaction.lag.ms -> 0, message.timestamp.type -> CreateTime, min.insync.replicas -> 1, segment.jitter.ms -> 0, preallocate -> false, min.cleanable.dirty.ratio -> 0.5, index.interval.bytes -> 4096, unclean.leader.election.enable -> true, retention.bytes -> -1, delete.retention.ms -> 86400000, cleanup.policy -> compact, flush.ms -> 9223372036854775807, segment.ms -> 604800000, segment.bytes -> 104857600, retention.ms -> 604800000, message.timestamp.difference.max.ms -> 9223372036854775807, segment.index.bytes -> 10485760, flush.messages -> 9223372036854775807}. (kafka.log.LogManager)
[2017-03-12 12:27:19,148] INFO Partition [__consumer_offsets,45] on broker 0: No checkpointed highwatermark is found for partition __consumer_offsets-45 (kafka.cluster.Partition)
[2017-03-12 12:27:19,152] INFO Completed load of log __consumer_offsets-26 with 1 log segments and log end offset 0 in 1 ms (kafka.log.Log)
[2017-03-12 12:27:19,153] INFO Created log for partition [__consumer_offsets,26] in /tmp/kafka-logs with properties {compression.type -> producer, message.format.version -> 0.10.2-IV0, file.delete.delay.ms -> 60000, max.message.bytes -> 1000012, min.compaction.lag.ms -> 0, message.timestamp.type -> CreateTime, min.insync.replicas -> 1, segment.jitter.ms -> 0, preallocate -> false, min.cleanable.dirty.ratio -> 0.5, index.interval.bytes -> 4096, unclean.leader.election.enable -> true, retention.bytes -> -1, delete.retention.ms -> 86400000, cleanup.policy -> compact, flush.ms -> 9223372036854775807, segment.ms -> 604800000, segment.bytes -> 104857600, retention.ms -> 604800000, message.timestamp.difference.max.ms -> 9223372036854775807, segment.index.bytes -> 10485760, flush.messages -> 9223372036854775807}. (kafka.log.LogManager)
[2017-03-12 12:27:19,154] INFO Partition [__consumer_offsets,26] on broker 0: No checkpointed highwatermark is found for partition __consumer_offsets-26 (kafka.cluster.Partition)
[2017-03-12 12:27:19,160] INFO Completed load of log __consumer_offsets-7 with 1 log segments and log end offset 0 in 1 ms (kafka.log.Log)
[2017-03-12 12:27:19,163] INFO Created log for partition [__consumer_offsets,7] in /tmp/kafka-logs with properties {compression.type -> producer, message.format.version -> 0.10.2-IV0, file.delete.delay.ms -> 60000, max.message.bytes -> 1000012, min.compaction.lag.ms -> 0, message.timestamp.type -> CreateTime, min.insync.replicas -> 1, segment.jitter.ms -> 0, preallocate -> false, min.cleanable.dirty.ratio -> 0.5, index.interval.bytes -> 4096, unclean.leader.election.enable -> true, retention.bytes -> -1, delete.retention.ms -> 86400000, cleanup.policy -> compact, flush.ms -> 9223372036854775807, segment.ms -> 604800000, segment.bytes -> 104857600, retention.ms -> 604800000, message.timestamp.difference.max.ms -> 9223372036854775807, segment.index.bytes -> 10485760, flush.messages -> 9223372036854775807}. (kafka.log.LogManager)
[2017-03-12 12:27:19,164] INFO Partition [__consumer_offsets,7] on broker 0: No checkpointed highwatermark is found for partition __consumer_offsets-7 (kafka.cluster.Partition)
[2017-03-12 12:27:19,172] INFO Completed load of log __consumer_offsets-42 with 1 log segments and log end offset 0 in 0 ms (kafka.log.Log)
[2017-03-12 12:27:19,173] INFO Created log for partition [__consumer_offsets,42] in /tmp/kafka-logs with properties {compression.type -> producer, message.format.version -> 0.10.2-IV0, file.delete.delay.ms -> 60000, max.message.bytes -> 1000012, min.compaction.lag.ms -> 0, message.timestamp.type -> CreateTime, min.insync.replicas -> 1, segment.jitter.ms -> 0, preallocate -> false, min.cleanable.dirty.ratio -> 0.5, index.interval.bytes -> 4096, unclean.leader.election.enable -> true, retention.bytes -> -1, delete.retention.ms -> 86400000, cleanup.policy -> compact, flush.ms -> 9223372036854775807, segment.ms -> 604800000, segment.bytes -> 104857600, retention.ms -> 604800000, message.timestamp.difference.max.ms -> 9223372036854775807, segment.index.bytes -> 10485760, flush.messages -> 9223372036854775807}. (kafka.log.LogManager)
[2017-03-12 12:27:19,174] INFO Partition [__consumer_offsets,42] on broker 0: No checkpointed highwatermark is found for partition __consumer_offsets-42 (kafka.cluster.Partition)
[2017-03-12 12:27:19,178] INFO Completed load of log __consumer_offsets-4 with 1 log segments and log end offset 0 in 1 ms (kafka.log.Log)
[2017-03-12 12:27:19,181] INFO Created log for partition [__consumer_offsets,4] in /tmp/kafka-logs with properties {compression.type -> producer, message.format.version -> 0.10.2-IV0, file.delete.delay.ms -> 60000, max.message.bytes -> 1000012, min.compaction.lag.ms -> 0, message.timestamp.type -> CreateTime, min.insync.replicas -> 1, segment.jitter.ms -> 0, preallocate -> false, min.cleanable.dirty.ratio -> 0.5, index.interval.bytes -> 4096, unclean.leader.election.enable -> true, retention.bytes -> -1, delete.retention.ms -> 86400000, cleanup.policy -> compact, flush.ms -> 9223372036854775807, segment.ms -> 604800000, segment.bytes -> 104857600, retention.ms -> 604800000, message.timestamp.difference.max.ms -> 9223372036854775807, segment.index.bytes -> 10485760, flush.messages -> 9223372036854775807}. (kafka.log.LogManager)
[2017-03-12 12:27:19,183] INFO Partition [__consumer_offsets,4] on broker 0: No checkpointed highwatermark is found for partition __consumer_offsets-4 (kafka.cluster.Partition)
[2017-03-12 12:27:19,190] INFO Completed load of log __consumer_offsets-23 with 1 log segments and log end offset 0 in 1 ms (kafka.log.Log)
[2017-03-12 12:27:19,191] INFO Created log for partition [__consumer_offsets,23] in /tmp/kafka-logs with properties {compression.type -> producer, message.format.version -> 0.10.2-IV0, file.delete.delay.ms -> 60000, max.message.bytes -> 1000012, min.compaction.lag.ms -> 0, message.timestamp.type -> CreateTime, min.insync.replicas -> 1, segment.jitter.ms -> 0, preallocate -> false, min.cleanable.dirty.ratio -> 0.5, index.interval.bytes -> 4096, unclean.leader.election.enable -> true, retention.bytes -> -1, delete.retention.ms -> 86400000, cleanup.policy -> compact, flush.ms -> 9223372036854775807, segment.ms -> 604800000, segment.bytes -> 104857600, retention.ms -> 604800000, message.timestamp.difference.max.ms -> 9223372036854775807, segment.index.bytes -> 10485760, flush.messages -> 9223372036854775807}. (kafka.log.LogManager)
[2017-03-12 12:27:19,191] INFO Partition [__consumer_offsets,23] on broker 0: No checkpointed highwatermark is found for partition __consumer_offsets-23 (kafka.cluster.Partition)
[2017-03-12 12:27:19,197] INFO Completed load of log __consumer_offsets-1 with 1 log segments and log end offset 0 in 1 ms (kafka.log.Log)
[2017-03-12 12:27:19,210] INFO Created log for partition [__consumer_offsets,1] in /tmp/kafka-logs with properties {compression.type -> producer, message.format.version -> 0.10.2-IV0, file.delete.delay.ms -> 60000, max.message.bytes -> 1000012, min.compaction.lag.ms -> 0, message.timestamp.type -> CreateTime, min.insync.replicas -> 1, segment.jitter.ms -> 0, preallocate -> false, min.cleanable.dirty.ratio -> 0.5, index.interval.bytes -> 4096, unclean.leader.election.enable -> true, retention.bytes -> -1, delete.retention.ms -> 86400000, cleanup.policy -> compact, flush.ms -> 9223372036854775807, segment.ms -> 604800000, segment.bytes -> 104857600, retention.ms -> 604800000, message.timestamp.difference.max.ms -> 9223372036854775807, segment.index.bytes -> 10485760, flush.messages -> 9223372036854775807}. (kafka.log.LogManager)
[2017-03-12 12:27:19,210] INFO Partition [__consumer_offsets,1] on broker 0: No checkpointed highwatermark is found for partition __consumer_offsets-1 (kafka.cluster.Partition)
[2017-03-12 12:27:19,213] INFO Completed load of log __consumer_offsets-20 with 1 log segments and log end offset 0 in 0 ms (kafka.log.Log)
[2017-03-12 12:27:19,215] INFO Created log for partition [__consumer_offsets,20] in /tmp/kafka-logs with properties {compression.type -> producer, message.format.version -> 0.10.2-IV0, file.delete.delay.ms -> 60000, max.message.bytes -> 1000012, min.compaction.lag.ms -> 0, message.timestamp.type -> CreateTime, min.insync.replicas -> 1, segment.jitter.ms -> 0, preallocate -> false, min.cleanable.dirty.ratio -> 0.5, index.interval.bytes -> 4096, unclean.leader.election.enable -> true, retention.bytes -> -1, delete.retention.ms -> 86400000, cleanup.policy -> compact, flush.ms -> 9223372036854775807, segment.ms -> 604800000, segment.bytes -> 104857600, retention.ms -> 604800000, message.timestamp.difference.max.ms -> 9223372036854775807, segment.index.bytes -> 10485760, flush.messages -> 9223372036854775807}. (kafka.log.LogManager)
[2017-03-12 12:27:19,216] INFO Partition [__consumer_offsets,20] on broker 0: No checkpointed highwatermark is found for partition __consumer_offsets-20 (kafka.cluster.Partition)
[2017-03-12 12:27:19,224] INFO Completed load of log __consumer_offsets-39 with 1 log segments and log end offset 0 in 0 ms (kafka.log.Log)
[2017-03-12 12:27:19,227] INFO Created log for partition [__consumer_offsets,39] in /tmp/kafka-logs with properties {compression.type -> producer, message.format.version -> 0.10.2-IV0, file.delete.delay.ms -> 60000, max.message.bytes -> 1000012, min.compaction.lag.ms -> 0, message.timestamp.type -> CreateTime, min.insync.replicas -> 1, segment.jitter.ms -> 0, preallocate -> false, min.cleanable.dirty.ratio -> 0.5, index.interval.bytes -> 4096, unclean.leader.election.enable -> true, retention.bytes -> -1, delete.retention.ms -> 86400000, cleanup.policy -> compact, flush.ms -> 9223372036854775807, segment.ms -> 604800000, segment.bytes -> 104857600, retention.ms -> 604800000, message.timestamp.difference.max.ms -> 9223372036854775807, segment.index.bytes -> 10485760, flush.messages -> 9223372036854775807}. (kafka.log.LogManager)
[2017-03-12 12:27:19,228] INFO Partition [__consumer_offsets,39] on broker 0: No checkpointed highwatermark is found for partition __consumer_offsets-39 (kafka.cluster.Partition)
[2017-03-12 12:27:19,240] INFO Completed load of log __consumer_offsets-17 with 1 log segments and log end offset 0 in 6 ms (kafka.log.Log)
[2017-03-12 12:27:19,241] INFO Created log for partition [__consumer_offsets,17] in /tmp/kafka-logs with properties {compression.type -> producer, message.format.version -> 0.10.2-IV0, file.delete.delay.ms -> 60000, max.message.bytes -> 1000012, min.compaction.lag.ms -> 0, message.timestamp.type -> CreateTime, min.insync.replicas -> 1, segment.jitter.ms -> 0, preallocate -> false, min.cleanable.dirty.ratio -> 0.5, index.interval.bytes -> 4096, unclean.leader.election.enable -> true, retention.bytes -> -1, delete.retention.ms -> 86400000, cleanup.policy -> compact, flush.ms -> 9223372036854775807, segment.ms -> 604800000, segment.bytes -> 104857600, retention.ms -> 604800000, message.timestamp.difference.max.ms -> 9223372036854775807, segment.index.bytes -> 10485760, flush.messages -> 9223372036854775807}. (kafka.log.LogManager)
[2017-03-12 12:27:19,241] INFO Partition [__consumer_offsets,17] on broker 0: No checkpointed highwatermark is found for partition __consumer_offsets-17 (kafka.cluster.Partition)
[2017-03-12 12:27:19,246] INFO Completed load of log __consumer_offsets-36 with 1 log segments and log end offset 0 in 2 ms (kafka.log.Log)
[2017-03-12 12:27:19,247] INFO Created log for partition [__consumer_offsets,36] in /tmp/kafka-logs with properties {compression.type -> producer, message.format.version -> 0.10.2-IV0, file.delete.delay.ms -> 60000, max.message.bytes -> 1000012, min.compaction.lag.ms -> 0, message.timestamp.type -> CreateTime, min.insync.replicas -> 1, segment.jitter.ms -> 0, preallocate -> false, min.cleanable.dirty.ratio -> 0.5, index.interval.bytes -> 4096, unclean.leader.election.enable -> true, retention.bytes -> -1, delete.retention.ms -> 86400000, cleanup.policy -> compact, flush.ms -> 9223372036854775807, segment.ms -> 604800000, segment.bytes -> 104857600, retention.ms -> 604800000, message.timestamp.difference.max.ms -> 9223372036854775807, segment.index.bytes -> 10485760, flush.messages -> 9223372036854775807}. (kafka.log.LogManager)
[2017-03-12 12:27:19,248] INFO Partition [__consumer_offsets,36] on broker 0: No checkpointed highwatermark is found for partition __consumer_offsets-36 (kafka.cluster.Partition)
[2017-03-12 12:27:19,256] INFO Completed load of log __consumer_offsets-14 with 1 log segments and log end offset 0 in 0 ms (kafka.log.Log)
[2017-03-12 12:27:19,260] INFO Created log for partition [__consumer_offsets,14] in /tmp/kafka-logs with properties {compression.type -> producer, message.format.version -> 0.10.2-IV0, file.delete.delay.ms -> 60000, max.message.bytes -> 1000012, min.compaction.lag.ms -> 0, message.timestamp.type -> CreateTime, min.insync.replicas -> 1, segment.jitter.ms -> 0, preallocate -> false, min.cleanable.dirty.ratio -> 0.5, index.interval.bytes -> 4096, unclean.leader.election.enable -> true, retention.bytes -> -1, delete.retention.ms -> 86400000, cleanup.policy -> compact, flush.ms -> 9223372036854775807, segment.ms -> 604800000, segment.bytes -> 104857600, retention.ms -> 604800000, message.timestamp.difference.max.ms -> 9223372036854775807, segment.index.bytes -> 10485760, flush.messages -> 9223372036854775807}. (kafka.log.LogManager)
[2017-03-12 12:27:19,267] INFO Partition [__consumer_offsets,14] on broker 0: No checkpointed highwatermark is found for partition __consumer_offsets-14 (kafka.cluster.Partition)
[2017-03-12 12:27:19,269] INFO Completed load of log __consumer_offsets-33 with 1 log segments and log end offset 0 in 0 ms (kafka.log.Log)
[2017-03-12 12:27:19,270] INFO Created log for partition [__consumer_offsets,33] in /tmp/kafka-logs with properties {compression.type -> producer, message.format.version -> 0.10.2-IV0, file.delete.delay.ms -> 60000, max.message.bytes -> 1000012, min.compaction.lag.ms -> 0, message.timestamp.type -> CreateTime, min.insync.replicas -> 1, segment.jitter.ms -> 0, preallocate -> false, min.cleanable.dirty.ratio -> 0.5, index.interval.bytes -> 4096, unclean.leader.election.enable -> true, retention.bytes -> -1, delete.retention.ms -> 86400000, cleanup.policy -> compact, flush.ms -> 9223372036854775807, segment.ms -> 604800000, segment.bytes -> 104857600, retention.ms -> 604800000, message.timestamp.difference.max.ms -> 9223372036854775807, segment.index.bytes -> 10485760, flush.messages -> 9223372036854775807}. (kafka.log.LogManager)
[2017-03-12 12:27:19,270] INFO Partition [__consumer_offsets,33] on broker 0: No checkpointed highwatermark is found for partition __consumer_offsets-33 (kafka.cluster.Partition)
[2017-03-12 12:27:19,273] INFO Completed load of log __consumer_offsets-49 with 1 log segments and log end offset 0 in 1 ms (kafka.log.Log)
[2017-03-12 12:27:19,273] INFO Created log for partition [__consumer_offsets,49] in /tmp/kafka-logs with properties {compression.type -> producer, message.format.version -> 0.10.2-IV0, file.delete.delay.ms -> 60000, max.message.bytes -> 1000012, min.compaction.lag.ms -> 0, message.timestamp.type -> CreateTime, min.insync.replicas -> 1, segment.jitter.ms -> 0, preallocate -> false, min.cleanable.dirty.ratio -> 0.5, index.interval.bytes -> 4096, unclean.leader.election.enable -> true, retention.bytes -> -1, delete.retention.ms -> 86400000, cleanup.policy -> compact, flush.ms -> 9223372036854775807, segment.ms -> 604800000, segment.bytes -> 104857600, retention.ms -> 604800000, message.timestamp.difference.max.ms -> 9223372036854775807, segment.index.bytes -> 10485760, flush.messages -> 9223372036854775807}. (kafka.log.LogManager)
[2017-03-12 12:27:19,274] INFO Partition [__consumer_offsets,49] on broker 0: No checkpointed highwatermark is found for partition __consumer_offsets-49 (kafka.cluster.Partition)
[2017-03-12 12:27:19,283] INFO Completed load of log __consumer_offsets-11 with 1 log segments and log end offset 0 in 1 ms (kafka.log.Log)
[2017-03-12 12:27:19,284] INFO Created log for partition [__consumer_offsets,11] in /tmp/kafka-logs with properties {compression.type -> producer, message.format.version -> 0.10.2-IV0, file.delete.delay.ms -> 60000, max.message.bytes -> 1000012, min.compaction.lag.ms -> 0, message.timestamp.type -> CreateTime, min.insync.replicas -> 1, segment.jitter.ms -> 0, preallocate -> false, min.cleanable.dirty.ratio -> 0.5, index.interval.bytes -> 4096, unclean.leader.election.enable -> true, retention.bytes -> -1, delete.retention.ms -> 86400000, cleanup.policy -> compact, flush.ms -> 9223372036854775807, segment.ms -> 604800000, segment.bytes -> 104857600, retention.ms -> 604800000, message.timestamp.difference.max.ms -> 9223372036854775807, segment.index.bytes -> 10485760, flush.messages -> 9223372036854775807}. (kafka.log.LogManager)
[2017-03-12 12:27:19,284] INFO Partition [__consumer_offsets,11] on broker 0: No checkpointed highwatermark is found for partition __consumer_offsets-11 (kafka.cluster.Partition)
[2017-03-12 12:27:19,290] INFO Completed load of log __consumer_offsets-30 with 1 log segments and log end offset 0 in 1 ms (kafka.log.Log)
[2017-03-12 12:27:19,291] INFO Created log for partition [__consumer_offsets,30] in /tmp/kafka-logs with properties {compression.type -> producer, message.format.version -> 0.10.2-IV0, file.delete.delay.ms -> 60000, max.message.bytes -> 1000012, min.compaction.lag.ms -> 0, message.timestamp.type -> CreateTime, min.insync.replicas -> 1, segment.jitter.ms -> 0, preallocate -> false, min.cleanable.dirty.ratio -> 0.5, index.interval.bytes -> 4096, unclean.leader.election.enable -> true, retention.bytes -> -1, delete.retention.ms -> 86400000, cleanup.policy -> compact, flush.ms -> 9223372036854775807, segment.ms -> 604800000, segment.bytes -> 104857600, retention.ms -> 604800000, message.timestamp.difference.max.ms -> 9223372036854775807, segment.index.bytes -> 10485760, flush.messages -> 9223372036854775807}. (kafka.log.LogManager)
[2017-03-12 12:27:19,292] INFO Partition [__consumer_offsets,30] on broker 0: No checkpointed highwatermark is found for partition __consumer_offsets-30 (kafka.cluster.Partition)
[2017-03-12 12:27:19,320] INFO Completed load of log __consumer_offsets-46 with 1 log segments and log end offset 0 in 14 ms (kafka.log.Log)
[2017-03-12 12:27:19,323] INFO Created log for partition [__consumer_offsets,46] in /tmp/kafka-logs with properties {compression.type -> producer, message.format.version -> 0.10.2-IV0, file.delete.delay.ms -> 60000, max.message.bytes -> 1000012, min.compaction.lag.ms -> 0, message.timestamp.type -> CreateTime, min.insync.replicas -> 1, segment.jitter.ms -> 0, preallocate -> false, min.cleanable.dirty.ratio -> 0.5, index.interval.bytes -> 4096, unclean.leader.election.enable -> true, retention.bytes -> -1, delete.retention.ms -> 86400000, cleanup.policy -> compact, flush.ms -> 9223372036854775807, segment.ms -> 604800000, segment.bytes -> 104857600, retention.ms -> 604800000, message.timestamp.difference.max.ms -> 9223372036854775807, segment.index.bytes -> 10485760, flush.messages -> 9223372036854775807}. (kafka.log.LogManager)
[2017-03-12 12:27:19,330] INFO Partition [__consumer_offsets,46] on broker 0: No checkpointed highwatermark is found for partition __consumer_offsets-46 (kafka.cluster.Partition)
[2017-03-12 12:27:19,334] INFO Completed load of log __consumer_offsets-27 with 1 log segments and log end offset 0 in 0 ms (kafka.log.Log)
[2017-03-12 12:27:19,336] INFO Created log for partition [__consumer_offsets,27] in /tmp/kafka-logs with properties {compression.type -> producer, message.format.version -> 0.10.2-IV0, file.delete.delay.ms -> 60000, max.message.bytes -> 1000012, min.compaction.lag.ms -> 0, message.timestamp.type -> CreateTime, min.insync.replicas -> 1, segment.jitter.ms -> 0, preallocate -> false, min.cleanable.dirty.ratio -> 0.5, index.interval.bytes -> 4096, unclean.leader.election.enable -> true, retention.bytes -> -1, delete.retention.ms -> 86400000, cleanup.policy -> compact, flush.ms -> 9223372036854775807, segment.ms -> 604800000, segment.bytes -> 104857600, retention.ms -> 604800000, message.timestamp.difference.max.ms -> 9223372036854775807, segment.index.bytes -> 10485760, flush.messages -> 9223372036854775807}. (kafka.log.LogManager)
[2017-03-12 12:27:19,338] INFO Partition [__consumer_offsets,27] on broker 0: No checkpointed highwatermark is found for partition __consumer_offsets-27 (kafka.cluster.Partition)
[2017-03-12 12:27:19,344] INFO Completed load of log __consumer_offsets-8 with 1 log segments and log end offset 0 in 0 ms (kafka.log.Log)
[2017-03-12 12:27:19,345] INFO Created log for partition [__consumer_offsets,8] in /tmp/kafka-logs with properties {compression.type -> producer, message.format.version -> 0.10.2-IV0, file.delete.delay.ms -> 60000, max.message.bytes -> 1000012, min.compaction.lag.ms -> 0, message.timestamp.type -> CreateTime, min.insync.replicas -> 1, segment.jitter.ms -> 0, preallocate -> false, min.cleanable.dirty.ratio -> 0.5, index.interval.bytes -> 4096, unclean.leader.election.enable -> true, retention.bytes -> -1, delete.retention.ms -> 86400000, cleanup.policy -> compact, flush.ms -> 9223372036854775807, segment.ms -> 604800000, segment.bytes -> 104857600, retention.ms -> 604800000, message.timestamp.difference.max.ms -> 9223372036854775807, segment.index.bytes -> 10485760, flush.messages -> 9223372036854775807}. (kafka.log.LogManager)
[2017-03-12 12:27:19,349] INFO Partition [__consumer_offsets,8] on broker 0: No checkpointed highwatermark is found for partition __consumer_offsets-8 (kafka.cluster.Partition)
[2017-03-12 12:27:19,363] INFO Completed load of log __consumer_offsets-24 with 1 log segments and log end offset 0 in 1 ms (kafka.log.Log)
[2017-03-12 12:27:19,364] INFO Created log for partition [__consumer_offsets,24] in /tmp/kafka-logs with properties {compression.type -> producer, message.format.version -> 0.10.2-IV0, file.delete.delay.ms -> 60000, max.message.bytes -> 1000012, min.compaction.lag.ms -> 0, message.timestamp.type -> CreateTime, min.insync.replicas -> 1, segment.jitter.ms -> 0, preallocate -> false, min.cleanable.dirty.ratio -> 0.5, index.interval.bytes -> 4096, unclean.leader.election.enable -> true, retention.bytes -> -1, delete.retention.ms -> 86400000, cleanup.policy -> compact, flush.ms -> 9223372036854775807, segment.ms -> 604800000, segment.bytes -> 104857600, retention.ms -> 604800000, message.timestamp.difference.max.ms -> 9223372036854775807, segment.index.bytes -> 10485760, flush.messages -> 9223372036854775807}. (kafka.log.LogManager)
[2017-03-12 12:27:19,364] INFO Partition [__consumer_offsets,24] on broker 0: No checkpointed highwatermark is found for partition __consumer_offsets-24 (kafka.cluster.Partition)
[2017-03-12 12:27:19,367] INFO Completed load of log __consumer_offsets-43 with 1 log segments and log end offset 0 in 0 ms (kafka.log.Log)
[2017-03-12 12:27:19,368] INFO Created log for partition [__consumer_offsets,43] in /tmp/kafka-logs with properties {compression.type -> producer, message.format.version -> 0.10.2-IV0, file.delete.delay.ms -> 60000, max.message.bytes -> 1000012, min.compaction.lag.ms -> 0, message.timestamp.type -> CreateTime, min.insync.replicas -> 1, segment.jitter.ms -> 0, preallocate -> false, min.cleanable.dirty.ratio -> 0.5, index.interval.bytes -> 4096, unclean.leader.election.enable -> true, retention.bytes -> -1, delete.retention.ms -> 86400000, cleanup.policy -> compact, flush.ms -> 9223372036854775807, segment.ms -> 604800000, segment.bytes -> 104857600, retention.ms -> 604800000, message.timestamp.difference.max.ms -> 9223372036854775807, segment.index.bytes -> 10485760, flush.messages -> 9223372036854775807}. (kafka.log.LogManager)
[2017-03-12 12:27:19,368] INFO Partition [__consumer_offsets,43] on broker 0: No checkpointed highwatermark is found for partition __consumer_offsets-43 (kafka.cluster.Partition)
[2017-03-12 12:27:19,370] INFO Completed load of log __consumer_offsets-5 with 1 log segments and log end offset 0 in 0 ms (kafka.log.Log)
[2017-03-12 12:27:19,371] INFO Created log for partition [__consumer_offsets,5] in /tmp/kafka-logs with properties {compression.type -> producer, message.format.version -> 0.10.2-IV0, file.delete.delay.ms -> 60000, max.message.bytes -> 1000012, min.compaction.lag.ms -> 0, message.timestamp.type -> CreateTime, min.insync.replicas -> 1, segment.jitter.ms -> 0, preallocate -> false, min.cleanable.dirty.ratio -> 0.5, index.interval.bytes -> 4096, unclean.leader.election.enable -> true, retention.bytes -> -1, delete.retention.ms -> 86400000, cleanup.policy -> compact, flush.ms -> 9223372036854775807, segment.ms -> 604800000, segment.bytes -> 104857600, retention.ms -> 604800000, message.timestamp.difference.max.ms -> 9223372036854775807, segment.index.bytes -> 10485760, flush.messages -> 9223372036854775807}. (kafka.log.LogManager)
[2017-03-12 12:27:19,372] INFO Partition [__consumer_offsets,5] on broker 0: No checkpointed highwatermark is found for partition __consumer_offsets-5 (kafka.cluster.Partition)
[2017-03-12 12:27:19,374] INFO Completed load of log __consumer_offsets-21 with 1 log segments and log end offset 0 in 0 ms (kafka.log.Log)
[2017-03-12 12:27:19,376] INFO Created log for partition [__consumer_offsets,21] in /tmp/kafka-logs with properties {compression.type -> producer, message.format.version -> 0.10.2-IV0, file.delete.delay.ms -> 60000, max.message.bytes -> 1000012, min.compaction.lag.ms -> 0, message.timestamp.type -> CreateTime, min.insync.replicas -> 1, segment.jitter.ms -> 0, preallocate -> false, min.cleanable.dirty.ratio -> 0.5, index.interval.bytes -> 4096, unclean.leader.election.enable -> true, retention.bytes -> -1, delete.retention.ms -> 86400000, cleanup.policy -> compact, flush.ms -> 9223372036854775807, segment.ms -> 604800000, segment.bytes -> 104857600, retention.ms -> 604800000, message.timestamp.difference.max.ms -> 9223372036854775807, segment.index.bytes -> 10485760, flush.messages -> 9223372036854775807}. (kafka.log.LogManager)
[2017-03-12 12:27:19,376] INFO Partition [__consumer_offsets,21] on broker 0: No checkpointed highwatermark is found for partition __consumer_offsets-21 (kafka.cluster.Partition)
[2017-03-12 12:27:19,378] INFO Completed load of log __consumer_offsets-2 with 1 log segments and log end offset 0 in 0 ms (kafka.log.Log)
[2017-03-12 12:27:19,379] INFO Created log for partition [__consumer_offsets,2] in /tmp/kafka-logs with properties {compression.type -> producer, message.format.version -> 0.10.2-IV0, file.delete.delay.ms -> 60000, max.message.bytes -> 1000012, min.compaction.lag.ms -> 0, message.timestamp.type -> CreateTime, min.insync.replicas -> 1, segment.jitter.ms -> 0, preallocate -> false, min.cleanable.dirty.ratio -> 0.5, index.interval.bytes -> 4096, unclean.leader.election.enable -> true, retention.bytes -> -1, delete.retention.ms -> 86400000, cleanup.policy -> compact, flush.ms -> 9223372036854775807, segment.ms -> 604800000, segment.bytes -> 104857600, retention.ms -> 604800000, message.timestamp.difference.max.ms -> 9223372036854775807, segment.index.bytes -> 10485760, flush.messages -> 9223372036854775807}. (kafka.log.LogManager)
[2017-03-12 12:27:19,380] INFO Partition [__consumer_offsets,2] on broker 0: No checkpointed highwatermark is found for partition __consumer_offsets-2 (kafka.cluster.Partition)
[2017-03-12 12:27:19,382] INFO Completed load of log __consumer_offsets-40 with 1 log segments and log end offset 0 in 1 ms (kafka.log.Log)
[2017-03-12 12:27:19,383] INFO Created log for partition [__consumer_offsets,40] in /tmp/kafka-logs with properties {compression.type -> producer, message.format.version -> 0.10.2-IV0, file.delete.delay.ms -> 60000, max.message.bytes -> 1000012, min.compaction.lag.ms -> 0, message.timestamp.type -> CreateTime, min.insync.replicas -> 1, segment.jitter.ms -> 0, preallocate -> false, min.cleanable.dirty.ratio -> 0.5, index.interval.bytes -> 4096, unclean.leader.election.enable -> true, retention.bytes -> -1, delete.retention.ms -> 86400000, cleanup.policy -> compact, flush.ms -> 9223372036854775807, segment.ms -> 604800000, segment.bytes -> 104857600, retention.ms -> 604800000, message.timestamp.difference.max.ms -> 9223372036854775807, segment.index.bytes -> 10485760, flush.messages -> 9223372036854775807}. (kafka.log.LogManager)
[2017-03-12 12:27:19,385] INFO Partition [__consumer_offsets,40] on broker 0: No checkpointed highwatermark is found for partition __consumer_offsets-40 (kafka.cluster.Partition)
[2017-03-12 12:27:19,388] INFO Completed load of log __consumer_offsets-37 with 1 log segments and log end offset 0 in 1 ms (kafka.log.Log)
[2017-03-12 12:27:19,389] INFO Created log for partition [__consumer_offsets,37] in /tmp/kafka-logs with properties {compression.type -> producer, message.format.version -> 0.10.2-IV0, file.delete.delay.ms -> 60000, max.message.bytes -> 1000012, min.compaction.lag.ms -> 0, message.timestamp.type -> CreateTime, min.insync.replicas -> 1, segment.jitter.ms -> 0, preallocate -> false, min.cleanable.dirty.ratio -> 0.5, index.interval.bytes -> 4096, unclean.leader.election.enable -> true, retention.bytes -> -1, delete.retention.ms -> 86400000, cleanup.policy -> compact, flush.ms -> 9223372036854775807, segment.ms -> 604800000, segment.bytes -> 104857600, retention.ms -> 604800000, message.timestamp.difference.max.ms -> 9223372036854775807, segment.index.bytes -> 10485760, flush.messages -> 9223372036854775807}. (kafka.log.LogManager)
[2017-03-12 12:27:19,389] INFO Partition [__consumer_offsets,37] on broker 0: No checkpointed highwatermark is found for partition __consumer_offsets-37 (kafka.cluster.Partition)
[2017-03-12 12:27:19,392] INFO Completed load of log __consumer_offsets-18 with 1 log segments and log end offset 0 in 0 ms (kafka.log.Log)
[2017-03-12 12:27:19,393] INFO Created log for partition [__consumer_offsets,18] in /tmp/kafka-logs with properties {compression.type -> producer, message.format.version -> 0.10.2-IV0, file.delete.delay.ms -> 60000, max.message.bytes -> 1000012, min.compaction.lag.ms -> 0, message.timestamp.type -> CreateTime, min.insync.replicas -> 1, segment.jitter.ms -> 0, preallocate -> false, min.cleanable.dirty.ratio -> 0.5, index.interval.bytes -> 4096, unclean.leader.election.enable -> true, retention.bytes -> -1, delete.retention.ms -> 86400000, cleanup.policy -> compact, flush.ms -> 9223372036854775807, segment.ms -> 604800000, segment.bytes -> 104857600, retention.ms -> 604800000, message.timestamp.difference.max.ms -> 9223372036854775807, segment.index.bytes -> 10485760, flush.messages -> 9223372036854775807}. (kafka.log.LogManager)
[2017-03-12 12:27:19,393] INFO Partition [__consumer_offsets,18] on broker 0: No checkpointed highwatermark is found for partition __consumer_offsets-18 (kafka.cluster.Partition)
[2017-03-12 12:27:19,396] INFO Completed load of log __consumer_offsets-34 with 1 log segments and log end offset 0 in 1 ms (kafka.log.Log)
[2017-03-12 12:27:19,397] INFO Created log for partition [__consumer_offsets,34] in /tmp/kafka-logs with properties {compression.type -> producer, message.format.version -> 0.10.2-IV0, file.delete.delay.ms -> 60000, max.message.bytes -> 1000012, min.compaction.lag.ms -> 0, message.timestamp.type -> CreateTime, min.insync.replicas -> 1, segment.jitter.ms -> 0, preallocate -> false, min.cleanable.dirty.ratio -> 0.5, index.interval.bytes -> 4096, unclean.leader.election.enable -> true, retention.bytes -> -1, delete.retention.ms -> 86400000, cleanup.policy -> compact, flush.ms -> 9223372036854775807, segment.ms -> 604800000, segment.bytes -> 104857600, retention.ms -> 604800000, message.timestamp.difference.max.ms -> 9223372036854775807, segment.index.bytes -> 10485760, flush.messages -> 9223372036854775807}. (kafka.log.LogManager)
[2017-03-12 12:27:19,397] INFO Partition [__consumer_offsets,34] on broker 0: No checkpointed highwatermark is found for partition __consumer_offsets-34 (kafka.cluster.Partition)
[2017-03-12 12:27:19,400] INFO Completed load of log __consumer_offsets-15 with 1 log segments and log end offset 0 in 0 ms (kafka.log.Log)
[2017-03-12 12:27:19,401] INFO Created log for partition [__consumer_offsets,15] in /tmp/kafka-logs with properties {compression.type -> producer, message.format.version -> 0.10.2-IV0, file.delete.delay.ms -> 60000, max.message.bytes -> 1000012, min.compaction.lag.ms -> 0, message.timestamp.type -> CreateTime, min.insync.replicas -> 1, segment.jitter.ms -> 0, preallocate -> false, min.cleanable.dirty.ratio -> 0.5, index.interval.bytes -> 4096, unclean.leader.election.enable -> true, retention.bytes -> -1, delete.retention.ms -> 86400000, cleanup.policy -> compact, flush.ms -> 9223372036854775807, segment.ms -> 604800000, segment.bytes -> 104857600, retention.ms -> 604800000, message.timestamp.difference.max.ms -> 9223372036854775807, segment.index.bytes -> 10485760, flush.messages -> 9223372036854775807}. (kafka.log.LogManager)
[2017-03-12 12:27:19,401] INFO Partition [__consumer_offsets,15] on broker 0: No checkpointed highwatermark is found for partition __consumer_offsets-15 (kafka.cluster.Partition)
[2017-03-12 12:27:19,406] INFO Completed load of log __consumer_offsets-12 with 1 log segments and log end offset 0 in 1 ms (kafka.log.Log)
[2017-03-12 12:27:19,408] INFO Created log for partition [__consumer_offsets,12] in /tmp/kafka-logs with properties {compression.type -> producer, message.format.version -> 0.10.2-IV0, file.delete.delay.ms -> 60000, max.message.bytes -> 1000012, min.compaction.lag.ms -> 0, message.timestamp.type -> CreateTime, min.insync.replicas -> 1, segment.jitter.ms -> 0, preallocate -> false, min.cleanable.dirty.ratio -> 0.5, index.interval.bytes -> 4096, unclean.leader.election.enable -> true, retention.bytes -> -1, delete.retention.ms -> 86400000, cleanup.policy -> compact, flush.ms -> 9223372036854775807, segment.ms -> 604800000, segment.bytes -> 104857600, retention.ms -> 604800000, message.timestamp.difference.max.ms -> 9223372036854775807, segment.index.bytes -> 10485760, flush.messages -> 9223372036854775807}. (kafka.log.LogManager)
[2017-03-12 12:27:19,408] INFO Partition [__consumer_offsets,12] on broker 0: No checkpointed highwatermark is found for partition __consumer_offsets-12 (kafka.cluster.Partition)
[2017-03-12 12:27:19,411] INFO Completed load of log __consumer_offsets-31 with 1 log segments and log end offset 0 in 0 ms (kafka.log.Log)
[2017-03-12 12:27:19,412] INFO Created log for partition [__consumer_offsets,31] in /tmp/kafka-logs with properties {compression.type -> producer, message.format.version -> 0.10.2-IV0, file.delete.delay.ms -> 60000, max.message.bytes -> 1000012, min.compaction.lag.ms -> 0, message.timestamp.type -> CreateTime, min.insync.replicas -> 1, segment.jitter.ms -> 0, preallocate -> false, min.cleanable.dirty.ratio -> 0.5, index.interval.bytes -> 4096, unclean.leader.election.enable -> true, retention.bytes -> -1, delete.retention.ms -> 86400000, cleanup.policy -> compact, flush.ms -> 9223372036854775807, segment.ms -> 604800000, segment.bytes -> 104857600, retention.ms -> 604800000, message.timestamp.difference.max.ms -> 9223372036854775807, segment.index.bytes -> 10485760, flush.messages -> 9223372036854775807}. (kafka.log.LogManager)
[2017-03-12 12:27:19,412] INFO Partition [__consumer_offsets,31] on broker 0: No checkpointed highwatermark is found for partition __consumer_offsets-31 (kafka.cluster.Partition)
[2017-03-12 12:27:19,418] INFO Completed load of log __consumer_offsets-9 with 1 log segments and log end offset 0 in 1 ms (kafka.log.Log)
[2017-03-12 12:27:19,418] INFO Created log for partition [__consumer_offsets,9] in /tmp/kafka-logs with properties {compression.type -> producer, message.format.version -> 0.10.2-IV0, file.delete.delay.ms -> 60000, max.message.bytes -> 1000012, min.compaction.lag.ms -> 0, message.timestamp.type -> CreateTime, min.insync.replicas -> 1, segment.jitter.ms -> 0, preallocate -> false, min.cleanable.dirty.ratio -> 0.5, index.interval.bytes -> 4096, unclean.leader.election.enable -> true, retention.bytes -> -1, delete.retention.ms -> 86400000, cleanup.policy -> compact, flush.ms -> 9223372036854775807, segment.ms -> 604800000, segment.bytes -> 104857600, retention.ms -> 604800000, message.timestamp.difference.max.ms -> 9223372036854775807, segment.index.bytes -> 10485760, flush.messages -> 9223372036854775807}. (kafka.log.LogManager)
[2017-03-12 12:27:19,418] INFO Partition [__consumer_offsets,9] on broker 0: No checkpointed highwatermark is found for partition __consumer_offsets-9 (kafka.cluster.Partition)
[2017-03-12 12:27:19,421] INFO Completed load of log __consumer_offsets-47 with 1 log segments and log end offset 0 in 1 ms (kafka.log.Log)
[2017-03-12 12:27:19,421] INFO Created log for partition [__consumer_offsets,47] in /tmp/kafka-logs with properties {compression.type -> producer, message.format.version -> 0.10.2-IV0, file.delete.delay.ms -> 60000, max.message.bytes -> 1000012, min.compaction.lag.ms -> 0, message.timestamp.type -> CreateTime, min.insync.replicas -> 1, segment.jitter.ms -> 0, preallocate -> false, min.cleanable.dirty.ratio -> 0.5, index.interval.bytes -> 4096, unclean.leader.election.enable -> true, retention.bytes -> -1, delete.retention.ms -> 86400000, cleanup.policy -> compact, flush.ms -> 9223372036854775807, segment.ms -> 604800000, segment.bytes -> 104857600, retention.ms -> 604800000, message.timestamp.difference.max.ms -> 9223372036854775807, segment.index.bytes -> 10485760, flush.messages -> 9223372036854775807}. (kafka.log.LogManager)
[2017-03-12 12:27:19,422] INFO Partition [__consumer_offsets,47] on broker 0: No checkpointed highwatermark is found for partition __consumer_offsets-47 (kafka.cluster.Partition)
[2017-03-12 12:27:19,424] INFO Completed load of log __consumer_offsets-19 with 1 log segments and log end offset 0 in 0 ms (kafka.log.Log)
[2017-03-12 12:27:19,425] INFO Created log for partition [__consumer_offsets,19] in /tmp/kafka-logs with properties {compression.type -> producer, message.format.version -> 0.10.2-IV0, file.delete.delay.ms -> 60000, max.message.bytes -> 1000012, min.compaction.lag.ms -> 0, message.timestamp.type -> CreateTime, min.insync.replicas -> 1, segment.jitter.ms -> 0, preallocate -> false, min.cleanable.dirty.ratio -> 0.5, index.interval.bytes -> 4096, unclean.leader.election.enable -> true, retention.bytes -> -1, delete.retention.ms -> 86400000, cleanup.policy -> compact, flush.ms -> 9223372036854775807, segment.ms -> 604800000, segment.bytes -> 104857600, retention.ms -> 604800000, message.timestamp.difference.max.ms -> 9223372036854775807, segment.index.bytes -> 10485760, flush.messages -> 9223372036854775807}. (kafka.log.LogManager)
[2017-03-12 12:27:19,425] INFO Partition [__consumer_offsets,19] on broker 0: No checkpointed highwatermark is found for partition __consumer_offsets-19 (kafka.cluster.Partition)
[2017-03-12 12:27:19,429] INFO Completed load of log __consumer_offsets-28 with 1 log segments and log end offset 0 in 1 ms (kafka.log.Log)
[2017-03-12 12:27:19,430] INFO Created log for partition [__consumer_offsets,28] in /tmp/kafka-logs with properties {compression.type -> producer, message.format.version -> 0.10.2-IV0, file.delete.delay.ms -> 60000, max.message.bytes -> 1000012, min.compaction.lag.ms -> 0, message.timestamp.type -> CreateTime, min.insync.replicas -> 1, segment.jitter.ms -> 0, preallocate -> false, min.cleanable.dirty.ratio -> 0.5, index.interval.bytes -> 4096, unclean.leader.election.enable -> true, retention.bytes -> -1, delete.retention.ms -> 86400000, cleanup.policy -> compact, flush.ms -> 9223372036854775807, segment.ms -> 604800000, segment.bytes -> 104857600, retention.ms -> 604800000, message.timestamp.difference.max.ms -> 9223372036854775807, segment.index.bytes -> 10485760, flush.messages -> 9223372036854775807}. (kafka.log.LogManager)
[2017-03-12 12:27:19,431] INFO Partition [__consumer_offsets,28] on broker 0: No checkpointed highwatermark is found for partition __consumer_offsets-28 (kafka.cluster.Partition)
[2017-03-12 12:27:19,434] INFO Completed load of log __consumer_offsets-38 with 1 log segments and log end offset 0 in 1 ms (kafka.log.Log)
[2017-03-12 12:27:19,435] INFO Created log for partition [__consumer_offsets,38] in /tmp/kafka-logs with properties {compression.type -> producer, message.format.version -> 0.10.2-IV0, file.delete.delay.ms -> 60000, max.message.bytes -> 1000012, min.compaction.lag.ms -> 0, message.timestamp.type -> CreateTime, min.insync.replicas -> 1, segment.jitter.ms -> 0, preallocate -> false, min.cleanable.dirty.ratio -> 0.5, index.interval.bytes -> 4096, unclean.leader.election.enable -> true, retention.bytes -> -1, delete.retention.ms -> 86400000, cleanup.policy -> compact, flush.ms -> 9223372036854775807, segment.ms -> 604800000, segment.bytes -> 104857600, retention.ms -> 604800000, message.timestamp.difference.max.ms -> 9223372036854775807, segment.index.bytes -> 10485760, flush.messages -> 9223372036854775807}. (kafka.log.LogManager)
[2017-03-12 12:27:19,435] INFO Partition [__consumer_offsets,38] on broker 0: No checkpointed highwatermark is found for partition __consumer_offsets-38 (kafka.cluster.Partition)
[2017-03-12 12:27:19,437] INFO Completed load of log __consumer_offsets-35 with 1 log segments and log end offset 0 in 0 ms (kafka.log.Log)
[2017-03-12 12:27:19,438] INFO Created log for partition [__consumer_offsets,35] in /tmp/kafka-logs with properties {compression.type -> producer, message.format.version -> 0.10.2-IV0, file.delete.delay.ms -> 60000, max.message.bytes -> 1000012, min.compaction.lag.ms -> 0, message.timestamp.type -> CreateTime, min.insync.replicas -> 1, segment.jitter.ms -> 0, preallocate -> false, min.cleanable.dirty.ratio -> 0.5, index.interval.bytes -> 4096, unclean.leader.election.enable -> true, retention.bytes -> -1, delete.retention.ms -> 86400000, cleanup.policy -> compact, flush.ms -> 9223372036854775807, segment.ms -> 604800000, segment.bytes -> 104857600, retention.ms -> 604800000, message.timestamp.difference.max.ms -> 9223372036854775807, segment.index.bytes -> 10485760, flush.messages -> 9223372036854775807}. (kafka.log.LogManager)
[2017-03-12 12:27:19,438] INFO Partition [__consumer_offsets,35] on broker 0: No checkpointed highwatermark is found for partition __consumer_offsets-35 (kafka.cluster.Partition)
[2017-03-12 12:27:19,441] INFO Completed load of log __consumer_offsets-44 with 1 log segments and log end offset 0 in 1 ms (kafka.log.Log)
[2017-03-12 12:27:19,441] INFO Created log for partition [__consumer_offsets,44] in /tmp/kafka-logs with properties {compression.type -> producer, message.format.version -> 0.10.2-IV0, file.delete.delay.ms -> 60000, max.message.bytes -> 1000012, min.compaction.lag.ms -> 0, message.timestamp.type -> CreateTime, min.insync.replicas -> 1, segment.jitter.ms -> 0, preallocate -> false, min.cleanable.dirty.ratio -> 0.5, index.interval.bytes -> 4096, unclean.leader.election.enable -> true, retention.bytes -> -1, delete.retention.ms -> 86400000, cleanup.policy -> compact, flush.ms -> 9223372036854775807, segment.ms -> 604800000, segment.bytes -> 104857600, retention.ms -> 604800000, message.timestamp.difference.max.ms -> 9223372036854775807, segment.index.bytes -> 10485760, flush.messages -> 9223372036854775807}. (kafka.log.LogManager)
[2017-03-12 12:27:19,442] INFO Partition [__consumer_offsets,44] on broker 0: No checkpointed highwatermark is found for partition __consumer_offsets-44 (kafka.cluster.Partition)
[2017-03-12 12:27:19,445] INFO Completed load of log __consumer_offsets-6 with 1 log segments and log end offset 0 in 0 ms (kafka.log.Log)
[2017-03-12 12:27:19,447] INFO Created log for partition [__consumer_offsets,6] in /tmp/kafka-logs with properties {compression.type -> producer, message.format.version -> 0.10.2-IV0, file.delete.delay.ms -> 60000, max.message.bytes -> 1000012, min.compaction.lag.ms -> 0, message.timestamp.type -> CreateTime, min.insync.replicas -> 1, segment.jitter.ms -> 0, preallocate -> false, min.cleanable.dirty.ratio -> 0.5, index.interval.bytes -> 4096, unclean.leader.election.enable -> true, retention.bytes -> -1, delete.retention.ms -> 86400000, cleanup.policy -> compact, flush.ms -> 9223372036854775807, segment.ms -> 604800000, segment.bytes -> 104857600, retention.ms -> 604800000, message.timestamp.difference.max.ms -> 9223372036854775807, segment.index.bytes -> 10485760, flush.messages -> 9223372036854775807}. (kafka.log.LogManager)
[2017-03-12 12:27:19,448] INFO Partition [__consumer_offsets,6] on broker 0: No checkpointed highwatermark is found for partition __consumer_offsets-6 (kafka.cluster.Partition)
[2017-03-12 12:27:19,454] INFO Completed load of log __consumer_offsets-25 with 1 log segments and log end offset 0 in 3 ms (kafka.log.Log)
[2017-03-12 12:27:19,454] INFO Created log for partition [__consumer_offsets,25] in /tmp/kafka-logs with properties {compression.type -> producer, message.format.version -> 0.10.2-IV0, file.delete.delay.ms -> 60000, max.message.bytes -> 1000012, min.compaction.lag.ms -> 0, message.timestamp.type -> CreateTime, min.insync.replicas -> 1, segment.jitter.ms -> 0, preallocate -> false, min.cleanable.dirty.ratio -> 0.5, index.interval.bytes -> 4096, unclean.leader.election.enable -> true, retention.bytes -> -1, delete.retention.ms -> 86400000, cleanup.policy -> compact, flush.ms -> 9223372036854775807, segment.ms -> 604800000, segment.bytes -> 104857600, retention.ms -> 604800000, message.timestamp.difference.max.ms -> 9223372036854775807, segment.index.bytes -> 10485760, flush.messages -> 9223372036854775807}. (kafka.log.LogManager)
[2017-03-12 12:27:19,454] INFO Partition [__consumer_offsets,25] on broker 0: No checkpointed highwatermark is found for partition __consumer_offsets-25 (kafka.cluster.Partition)
[2017-03-12 12:27:19,457] INFO Completed load of log __consumer_offsets-16 with 1 log segments and log end offset 0 in 0 ms (kafka.log.Log)
[2017-03-12 12:27:19,458] INFO Created log for partition [__consumer_offsets,16] in /tmp/kafka-logs with properties {compression.type -> producer, message.format.version -> 0.10.2-IV0, file.delete.delay.ms -> 60000, max.message.bytes -> 1000012, min.compaction.lag.ms -> 0, message.timestamp.type -> CreateTime, min.insync.replicas -> 1, segment.jitter.ms -> 0, preallocate -> false, min.cleanable.dirty.ratio -> 0.5, index.interval.bytes -> 4096, unclean.leader.election.enable -> true, retention.bytes -> -1, delete.retention.ms -> 86400000, cleanup.policy -> compact, flush.ms -> 9223372036854775807, segment.ms -> 604800000, segment.bytes -> 104857600, retention.ms -> 604800000, message.timestamp.difference.max.ms -> 9223372036854775807, segment.index.bytes -> 10485760, flush.messages -> 9223372036854775807}. (kafka.log.LogManager)
[2017-03-12 12:27:19,458] INFO Partition [__consumer_offsets,16] on broker 0: No checkpointed highwatermark is found for partition __consumer_offsets-16 (kafka.cluster.Partition)
[2017-03-12 12:27:19,462] INFO Completed load of log __consumer_offsets-22 with 1 log segments and log end offset 0 in 1 ms (kafka.log.Log)
[2017-03-12 12:27:19,468] INFO Created log for partition [__consumer_offsets,22] in /tmp/kafka-logs with properties {compression.type -> producer, message.format.version -> 0.10.2-IV0, file.delete.delay.ms -> 60000, max.message.bytes -> 1000012, min.compaction.lag.ms -> 0, message.timestamp.type -> CreateTime, min.insync.replicas -> 1, segment.jitter.ms -> 0, preallocate -> false, min.cleanable.dirty.ratio -> 0.5, index.interval.bytes -> 4096, unclean.leader.election.enable -> true, retention.bytes -> -1, delete.retention.ms -> 86400000, cleanup.policy -> compact, flush.ms -> 9223372036854775807, segment.ms -> 604800000, segment.bytes -> 104857600, retention.ms -> 604800000, message.timestamp.difference.max.ms -> 9223372036854775807, segment.index.bytes -> 10485760, flush.messages -> 9223372036854775807}. (kafka.log.LogManager)
[2017-03-12 12:27:19,468] INFO Partition [__consumer_offsets,22] on broker 0: No checkpointed highwatermark is found for partition __consumer_offsets-22 (kafka.cluster.Partition)
[2017-03-12 12:27:19,489] INFO Completed load of log __consumer_offsets-41 with 1 log segments and log end offset 0 in 0 ms (kafka.log.Log)
[2017-03-12 12:27:19,490] INFO Created log for partition [__consumer_offsets,41] in /tmp/kafka-logs with properties {compression.type -> producer, message.format.version -> 0.10.2-IV0, file.delete.delay.ms -> 60000, max.message.bytes -> 1000012, min.compaction.lag.ms -> 0, message.timestamp.type -> CreateTime, min.insync.replicas -> 1, segment.jitter.ms -> 0, preallocate -> false, min.cleanable.dirty.ratio -> 0.5, index.interval.bytes -> 4096, unclean.leader.election.enable -> true, retention.bytes -> -1, delete.retention.ms -> 86400000, cleanup.policy -> compact, flush.ms -> 9223372036854775807, segment.ms -> 604800000, segment.bytes -> 104857600, retention.ms -> 604800000, message.timestamp.difference.max.ms -> 9223372036854775807, segment.index.bytes -> 10485760, flush.messages -> 9223372036854775807}. (kafka.log.LogManager)
[2017-03-12 12:27:19,490] INFO Partition [__consumer_offsets,41] on broker 0: No checkpointed highwatermark is found for partition __consumer_offsets-41 (kafka.cluster.Partition)
[2017-03-12 12:27:19,493] INFO Completed load of log __consumer_offsets-32 with 1 log segments and log end offset 0 in 0 ms (kafka.log.Log)
[2017-03-12 12:27:19,501] INFO Created log for partition [__consumer_offsets,32] in /tmp/kafka-logs with properties {compression.type -> producer, message.format.version -> 0.10.2-IV0, file.delete.delay.ms -> 60000, max.message.bytes -> 1000012, min.compaction.lag.ms -> 0, message.timestamp.type -> CreateTime, min.insync.replicas -> 1, segment.jitter.ms -> 0, preallocate -> false, min.cleanable.dirty.ratio -> 0.5, index.interval.bytes -> 4096, unclean.leader.election.enable -> true, retention.bytes -> -1, delete.retention.ms -> 86400000, cleanup.policy -> compact, flush.ms -> 9223372036854775807, segment.ms -> 604800000, segment.bytes -> 104857600, retention.ms -> 604800000, message.timestamp.difference.max.ms -> 9223372036854775807, segment.index.bytes -> 10485760, flush.messages -> 9223372036854775807}. (kafka.log.LogManager)
[2017-03-12 12:27:19,503] INFO Partition [__consumer_offsets,32] on broker 0: No checkpointed highwatermark is found for partition __consumer_offsets-32 (kafka.cluster.Partition)
[2017-03-12 12:27:19,506] INFO Completed load of log __consumer_offsets-3 with 1 log segments and log end offset 0 in 1 ms (kafka.log.Log)
[2017-03-12 12:27:19,507] INFO Created log for partition [__consumer_offsets,3] in /tmp/kafka-logs with properties {compression.type -> producer, message.format.version -> 0.10.2-IV0, file.delete.delay.ms -> 60000, max.message.bytes -> 1000012, min.compaction.lag.ms -> 0, message.timestamp.type -> CreateTime, min.insync.replicas -> 1, segment.jitter.ms -> 0, preallocate -> false, min.cleanable.dirty.ratio -> 0.5, index.interval.bytes -> 4096, unclean.leader.election.enable -> true, retention.bytes -> -1, delete.retention.ms -> 86400000, cleanup.policy -> compact, flush.ms -> 9223372036854775807, segment.ms -> 604800000, segment.bytes -> 104857600, retention.ms -> 604800000, message.timestamp.difference.max.ms -> 9223372036854775807, segment.index.bytes -> 10485760, flush.messages -> 9223372036854775807}. (kafka.log.LogManager)
[2017-03-12 12:27:19,508] INFO Partition [__consumer_offsets,3] on broker 0: No checkpointed highwatermark is found for partition __consumer_offsets-3 (kafka.cluster.Partition)
[2017-03-12 12:27:19,517] INFO Completed load of log __consumer_offsets-13 with 1 log segments and log end offset 0 in 1 ms (kafka.log.Log)
[2017-03-12 12:27:19,517] INFO Created log for partition [__consumer_offsets,13] in /tmp/kafka-logs with properties {compression.type -> producer, message.format.version -> 0.10.2-IV0, file.delete.delay.ms -> 60000, max.message.bytes -> 1000012, min.compaction.lag.ms -> 0, message.timestamp.type -> CreateTime, min.insync.replicas -> 1, segment.jitter.ms -> 0, preallocate -> false, min.cleanable.dirty.ratio -> 0.5, index.interval.bytes -> 4096, unclean.leader.election.enable -> true, retention.bytes -> -1, delete.retention.ms -> 86400000, cleanup.policy -> compact, flush.ms -> 9223372036854775807, segment.ms -> 604800000, segment.bytes -> 104857600, retention.ms -> 604800000, message.timestamp.difference.max.ms -> 9223372036854775807, segment.index.bytes -> 10485760, flush.messages -> 9223372036854775807}. (kafka.log.LogManager)
[2017-03-12 12:27:19,518] INFO Partition [__consumer_offsets,13] on broker 0: No checkpointed highwatermark is found for partition __consumer_offsets-13 (kafka.cluster.Partition)
[2017-03-12 12:27:19,522] INFO [Group Metadata Manager on Broker 0]: Loading offsets and group metadata from __consumer_offsets-22 (kafka.coordinator.GroupMetadataManager)
[2017-03-12 12:27:19,552] INFO [Group Metadata Manager on Broker 0]: Finished loading offsets from __consumer_offsets-22 in 28 milliseconds. (kafka.coordinator.GroupMetadataManager)
[2017-03-12 12:27:19,556] INFO [Group Metadata Manager on Broker 0]: Loading offsets and group metadata from __consumer_offsets-25 (kafka.coordinator.GroupMetadataManager)
[2017-03-12 12:27:19,562] INFO [Group Metadata Manager on Broker 0]: Finished loading offsets from __consumer_offsets-25 in 6 milliseconds. (kafka.coordinator.GroupMetadataManager)
[2017-03-12 12:27:19,562] INFO [Group Metadata Manager on Broker 0]: Loading offsets and group metadata from __consumer_offsets-28 (kafka.coordinator.GroupMetadataManager)
[2017-03-12 12:27:19,571] INFO [Group Metadata Manager on Broker 0]: Finished loading offsets from __consumer_offsets-28 in 9 milliseconds. (kafka.coordinator.GroupMetadataManager)
[2017-03-12 12:27:19,572] INFO [Group Metadata Manager on Broker 0]: Loading offsets and group metadata from __consumer_offsets-31 (kafka.coordinator.GroupMetadataManager)
[2017-03-12 12:27:19,579] INFO [Group Metadata Manager on Broker 0]: Finished loading offsets from __consumer_offsets-31 in 7 milliseconds. (kafka.coordinator.GroupMetadataManager)
[2017-03-12 12:27:19,580] INFO [Group Metadata Manager on Broker 0]: Loading offsets and group metadata from __consumer_offsets-34 (kafka.coordinator.GroupMetadataManager)
[2017-03-12 12:27:19,587] INFO [Group Metadata Manager on Broker 0]: Finished loading offsets from __consumer_offsets-34 in 7 milliseconds. (kafka.coordinator.GroupMetadataManager)
[2017-03-12 12:27:19,587] INFO [Group Metadata Manager on Broker 0]: Loading offsets and group metadata from __consumer_offsets-37 (kafka.coordinator.GroupMetadataManager)
[2017-03-12 12:27:19,594] INFO [Group Metadata Manager on Broker 0]: Finished loading offsets from __consumer_offsets-37 in 7 milliseconds. (kafka.coordinator.GroupMetadataManager)
[2017-03-12 12:27:19,594] INFO [Group Metadata Manager on Broker 0]: Loading offsets and group metadata from __consumer_offsets-40 (kafka.coordinator.GroupMetadataManager)
[2017-03-12 12:27:19,601] INFO [Group Metadata Manager on Broker 0]: Finished loading offsets from __consumer_offsets-40 in 7 milliseconds. (kafka.coordinator.GroupMetadataManager)
[2017-03-12 12:27:19,601] INFO [Group Metadata Manager on Broker 0]: Loading offsets and group metadata from __consumer_offsets-43 (kafka.coordinator.GroupMetadataManager)
[2017-03-12 12:27:19,608] INFO [Group Metadata Manager on Broker 0]: Finished loading offsets from __consumer_offsets-43 in 7 milliseconds. (kafka.coordinator.GroupMetadataManager)
[2017-03-12 12:27:19,608] INFO [Group Metadata Manager on Broker 0]: Loading offsets and group metadata from __consumer_offsets-46 (kafka.coordinator.GroupMetadataManager)
[2017-03-12 12:27:19,615] INFO [Group Metadata Manager on Broker 0]: Finished loading offsets from __consumer_offsets-46 in 7 milliseconds. (kafka.coordinator.GroupMetadataManager)
[2017-03-12 12:27:19,616] INFO [Group Metadata Manager on Broker 0]: Loading offsets and group metadata from __consumer_offsets-49 (kafka.coordinator.GroupMetadataManager)
[2017-03-12 12:27:19,622] INFO [Group Metadata Manager on Broker 0]: Finished loading offsets from __consumer_offsets-49 in 6 milliseconds. (kafka.coordinator.GroupMetadataManager)
[2017-03-12 12:27:19,622] INFO [Group Metadata Manager on Broker 0]: Loading offsets and group metadata from __consumer_offsets-41 (kafka.coordinator.GroupMetadataManager)
[2017-03-12 12:27:19,629] INFO [Group Metadata Manager on Broker 0]: Finished loading offsets from __consumer_offsets-41 in 7 milliseconds. (kafka.coordinator.GroupMetadataManager)
[2017-03-12 12:27:19,629] INFO [Group Metadata Manager on Broker 0]: Loading offsets and group metadata from __consumer_offsets-44 (kafka.coordinator.GroupMetadataManager)
[2017-03-12 12:27:19,637] INFO [Group Metadata Manager on Broker 0]: Finished loading offsets from __consumer_offsets-44 in 8 milliseconds. (kafka.coordinator.GroupMetadataManager)
[2017-03-12 12:27:19,637] INFO [Group Metadata Manager on Broker 0]: Loading offsets and group metadata from __consumer_offsets-47 (kafka.coordinator.GroupMetadataManager)
[2017-03-12 12:27:19,649] INFO [Group Metadata Manager on Broker 0]: Finished loading offsets from __consumer_offsets-47 in 12 milliseconds. (kafka.coordinator.GroupMetadataManager)
[2017-03-12 12:27:19,650] INFO [Group Metadata Manager on Broker 0]: Loading offsets and group metadata from __consumer_offsets-1 (kafka.coordinator.GroupMetadataManager)
[2017-03-12 12:27:19,658] INFO [Group Metadata Manager on Broker 0]: Finished loading offsets from __consumer_offsets-1 in 8 milliseconds. (kafka.coordinator.GroupMetadataManager)
[2017-03-12 12:27:19,658] INFO [Group Metadata Manager on Broker 0]: Loading offsets and group metadata from __consumer_offsets-4 (kafka.coordinator.GroupMetadataManager)
[2017-03-12 12:27:19,667] INFO [Group Metadata Manager on Broker 0]: Finished loading offsets from __consumer_offsets-4 in 9 milliseconds. (kafka.coordinator.GroupMetadataManager)
[2017-03-12 12:27:19,667] INFO [Group Metadata Manager on Broker 0]: Loading offsets and group metadata from __consumer_offsets-7 (kafka.coordinator.GroupMetadataManager)
[2017-03-12 12:27:19,677] INFO [Group Metadata Manager on Broker 0]: Finished loading offsets from __consumer_offsets-7 in 10 milliseconds. (kafka.coordinator.GroupMetadataManager)
[2017-03-12 12:27:19,678] INFO [Group Metadata Manager on Broker 0]: Loading offsets and group metadata from __consumer_offsets-10 (kafka.coordinator.GroupMetadataManager)
[2017-03-12 12:27:19,685] INFO [Group Metadata Manager on Broker 0]: Finished loading offsets from __consumer_offsets-10 in 7 milliseconds. (kafka.coordinator.GroupMetadataManager)
[2017-03-12 12:27:19,685] INFO [Group Metadata Manager on Broker 0]: Loading offsets and group metadata from __consumer_offsets-13 (kafka.coordinator.GroupMetadataManager)
[2017-03-12 12:27:19,696] INFO [Group Metadata Manager on Broker 0]: Finished loading offsets from __consumer_offsets-13 in 10 milliseconds. (kafka.coordinator.GroupMetadataManager)
[2017-03-12 12:27:19,697] INFO [Group Metadata Manager on Broker 0]: Loading offsets and group metadata from __consumer_offsets-16 (kafka.coordinator.GroupMetadataManager)
[2017-03-12 12:27:19,707] INFO [Group Metadata Manager on Broker 0]: Finished loading offsets from __consumer_offsets-16 in 10 milliseconds. (kafka.coordinator.GroupMetadataManager)
[2017-03-12 12:27:19,708] INFO [Group Metadata Manager on Broker 0]: Loading offsets and group metadata from __consumer_offsets-19 (kafka.coordinator.GroupMetadataManager)
[2017-03-12 12:27:19,715] INFO [Group Metadata Manager on Broker 0]: Finished loading offsets from __consumer_offsets-19 in 7 milliseconds. (kafka.coordinator.GroupMetadataManager)
[2017-03-12 12:27:19,717] INFO [Group Metadata Manager on Broker 0]: Loading offsets and group metadata from __consumer_offsets-2 (kafka.coordinator.GroupMetadataManager)
[2017-03-12 12:27:19,726] INFO [Group Metadata Manager on Broker 0]: Finished loading offsets from __consumer_offsets-2 in 9 milliseconds. (kafka.coordinator.GroupMetadataManager)
[2017-03-12 12:27:19,727] INFO [Group Metadata Manager on Broker 0]: Loading offsets and group metadata from __consumer_offsets-5 (kafka.coordinator.GroupMetadataManager)
[2017-03-12 12:27:19,740] INFO [Group Metadata Manager on Broker 0]: Finished loading offsets from __consumer_offsets-5 in 8 milliseconds. (kafka.coordinator.GroupMetadataManager)
[2017-03-12 12:27:19,741] INFO [Group Metadata Manager on Broker 0]: Loading offsets and group metadata from __consumer_offsets-8 (kafka.coordinator.GroupMetadataManager)
[2017-03-12 12:27:19,747] INFO [Group Metadata Manager on Broker 0]: Finished loading offsets from __consumer_offsets-8 in 6 milliseconds. (kafka.coordinator.GroupMetadataManager)
[2017-03-12 12:27:19,747] INFO [Group Metadata Manager on Broker 0]: Loading offsets and group metadata from __consumer_offsets-11 (kafka.coordinator.GroupMetadataManager)
[2017-03-12 12:27:19,762] INFO [Group Metadata Manager on Broker 0]: Finished loading offsets from __consumer_offsets-11 in 15 milliseconds. (kafka.coordinator.GroupMetadataManager)
[2017-03-12 12:27:19,762] INFO [Group Metadata Manager on Broker 0]: Loading offsets and group metadata from __consumer_offsets-14 (kafka.coordinator.GroupMetadataManager)
[2017-03-12 12:27:19,771] INFO [Group Metadata Manager on Broker 0]: Finished loading offsets from __consumer_offsets-14 in 9 milliseconds. (kafka.coordinator.GroupMetadataManager)
[2017-03-12 12:27:19,771] INFO [Group Metadata Manager on Broker 0]: Loading offsets and group metadata from __consumer_offsets-17 (kafka.coordinator.GroupMetadataManager)
[2017-03-12 12:27:19,777] INFO [Group Metadata Manager on Broker 0]: Finished loading offsets from __consumer_offsets-17 in 6 milliseconds. (kafka.coordinator.GroupMetadataManager)
[2017-03-12 12:27:19,778] INFO [Group Metadata Manager on Broker 0]: Loading offsets and group metadata from __consumer_offsets-20 (kafka.coordinator.GroupMetadataManager)
[2017-03-12 12:27:19,786] INFO [Group Metadata Manager on Broker 0]: Finished loading offsets from __consumer_offsets-20 in 8 milliseconds. (kafka.coordinator.GroupMetadataManager)
[2017-03-12 12:27:19,788] INFO [Group Metadata Manager on Broker 0]: Loading offsets and group metadata from __consumer_offsets-23 (kafka.coordinator.GroupMetadataManager)
[2017-03-12 12:27:19,795] INFO [Group Metadata Manager on Broker 0]: Finished loading offsets from __consumer_offsets-23 in 6 milliseconds. (kafka.coordinator.GroupMetadataManager)
[2017-03-12 12:27:19,796] INFO [Group Metadata Manager on Broker 0]: Loading offsets and group metadata from __consumer_offsets-26 (kafka.coordinator.GroupMetadataManager)
[2017-03-12 12:27:19,803] INFO [Group Metadata Manager on Broker 0]: Finished loading offsets from __consumer_offsets-26 in 7 milliseconds. (kafka.coordinator.GroupMetadataManager)
[2017-03-12 12:27:19,803] INFO [Group Metadata Manager on Broker 0]: Loading offsets and group metadata from __consumer_offsets-29 (kafka.coordinator.GroupMetadataManager)
[2017-03-12 12:27:19,810] INFO [Group Metadata Manager on Broker 0]: Finished loading offsets from __consumer_offsets-29 in 7 milliseconds. (kafka.coordinator.GroupMetadataManager)
[2017-03-12 12:27:19,810] INFO [Group Metadata Manager on Broker 0]: Loading offsets and group metadata from __consumer_offsets-32 (kafka.coordinator.GroupMetadataManager)
[2017-03-12 12:27:19,820] INFO [Group Metadata Manager on Broker 0]: Finished loading offsets from __consumer_offsets-32 in 10 milliseconds. (kafka.coordinator.GroupMetadataManager)
[2017-03-12 12:27:19,821] INFO [Group Metadata Manager on Broker 0]: Loading offsets and group metadata from __consumer_offsets-35 (kafka.coordinator.GroupMetadataManager)
[2017-03-12 12:27:19,828] INFO [Group Metadata Manager on Broker 0]: Finished loading offsets from __consumer_offsets-35 in 7 milliseconds. (kafka.coordinator.GroupMetadataManager)
[2017-03-12 12:27:19,828] INFO [Group Metadata Manager on Broker 0]: Loading offsets and group metadata from __consumer_offsets-38 (kafka.coordinator.GroupMetadataManager)
[2017-03-12 12:27:19,836] INFO [Group Metadata Manager on Broker 0]: Finished loading offsets from __consumer_offsets-38 in 8 milliseconds. (kafka.coordinator.GroupMetadataManager)
[2017-03-12 12:27:19,836] INFO [Group Metadata Manager on Broker 0]: Loading offsets and group metadata from __consumer_offsets-0 (kafka.coordinator.GroupMetadataManager)
[2017-03-12 12:27:19,844] INFO [Group Metadata Manager on Broker 0]: Finished loading offsets from __consumer_offsets-0 in 7 milliseconds. (kafka.coordinator.GroupMetadataManager)
[2017-03-12 12:27:19,844] INFO [Group Metadata Manager on Broker 0]: Loading offsets and group metadata from __consumer_offsets-3 (kafka.coordinator.GroupMetadataManager)
[2017-03-12 12:27:19,853] INFO [Group Metadata Manager on Broker 0]: Finished loading offsets from __consumer_offsets-3 in 9 milliseconds. (kafka.coordinator.GroupMetadataManager)
[2017-03-12 12:27:19,853] INFO [Group Metadata Manager on Broker 0]: Loading offsets and group metadata from __consumer_offsets-6 (kafka.coordinator.GroupMetadataManager)
[2017-03-12 12:27:19,861] INFO [Group Metadata Manager on Broker 0]: Finished loading offsets from __consumer_offsets-6 in 8 milliseconds. (kafka.coordinator.GroupMetadataManager)
[2017-03-12 12:27:19,861] INFO [Group Metadata Manager on Broker 0]: Loading offsets and group metadata from __consumer_offsets-9 (kafka.coordinator.GroupMetadataManager)
[2017-03-12 12:27:19,870] INFO [Group Metadata Manager on Broker 0]: Finished loading offsets from __consumer_offsets-9 in 8 milliseconds. (kafka.coordinator.GroupMetadataManager)
[2017-03-12 12:27:19,870] INFO [Group Metadata Manager on Broker 0]: Loading offsets and group metadata from __consumer_offsets-12 (kafka.coordinator.GroupMetadataManager)
[2017-03-12 12:27:19,893] INFO [Group Metadata Manager on Broker 0]: Finished loading offsets from __consumer_offsets-12 in 21 milliseconds. (kafka.coordinator.GroupMetadataManager)
[2017-03-12 12:27:19,893] INFO [Group Metadata Manager on Broker 0]: Loading offsets and group metadata from __consumer_offsets-15 (kafka.coordinator.GroupMetadataManager)
[2017-03-12 12:27:19,897] INFO [Group Metadata Manager on Broker 0]: Finished loading offsets from __consumer_offsets-15 in 4 milliseconds. (kafka.coordinator.GroupMetadataManager)
[2017-03-12 12:27:19,897] INFO [Group Metadata Manager on Broker 0]: Loading offsets and group metadata from __consumer_offsets-18 (kafka.coordinator.GroupMetadataManager)
[2017-03-12 12:27:19,898] INFO [Group Metadata Manager on Broker 0]: Finished loading offsets from __consumer_offsets-18 in 1 milliseconds. (kafka.coordinator.GroupMetadataManager)
[2017-03-12 12:27:19,898] INFO [Group Metadata Manager on Broker 0]: Loading offsets and group metadata from __consumer_offsets-21 (kafka.coordinator.GroupMetadataManager)
[2017-03-12 12:27:19,925] INFO [GroupCoordinator 0]: Preparing to restabilize group console-consumer-5173 with old generation 0 (kafka.coordinator.GroupCoordinator)
[2017-03-12 12:27:19,925] INFO [Group Metadata Manager on Broker 0]: Finished loading offsets from __consumer_offsets-21 in 13 milliseconds. (kafka.coordinator.GroupMetadataManager)
[2017-03-12 12:27:19,928] INFO [Group Metadata Manager on Broker 0]: Loading offsets and group metadata from __consumer_offsets-24 (kafka.coordinator.GroupMetadataManager)
[2017-03-12 12:27:19,930] INFO [Group Metadata Manager on Broker 0]: Finished loading offsets from __consumer_offsets-24 in 2 milliseconds. (kafka.coordinator.GroupMetadataManager)
[2017-03-12 12:27:19,930] INFO [Group Metadata Manager on Broker 0]: Loading offsets and group metadata from __consumer_offsets-27 (kafka.coordinator.GroupMetadataManager)
[2017-03-12 12:27:19,931] INFO [Group Metadata Manager on Broker 0]: Finished loading offsets from __consumer_offsets-27 in 1 milliseconds. (kafka.coordinator.GroupMetadataManager)
[2017-03-12 12:27:19,932] INFO [Group Metadata Manager on Broker 0]: Loading offsets and group metadata from __consumer_offsets-30 (kafka.coordinator.GroupMetadataManager)
[2017-03-12 12:27:19,934] INFO [Group Metadata Manager on Broker 0]: Finished loading offsets from __consumer_offsets-30 in 2 milliseconds. (kafka.coordinator.GroupMetadataManager)
[2017-03-12 12:27:19,937] INFO [Group Metadata Manager on Broker 0]: Loading offsets and group metadata from __consumer_offsets-33 (kafka.coordinator.GroupMetadataManager)
[2017-03-12 12:27:19,938] INFO [Group Metadata Manager on Broker 0]: Finished loading offsets from __consumer_offsets-33 in 1 milliseconds. (kafka.coordinator.GroupMetadataManager)
[2017-03-12 12:27:19,938] INFO [Group Metadata Manager on Broker 0]: Loading offsets and group metadata from __consumer_offsets-36 (kafka.coordinator.GroupMetadataManager)
[2017-03-12 12:27:19,941] INFO [Group Metadata Manager on Broker 0]: Finished loading offsets from __consumer_offsets-36 in 3 milliseconds. (kafka.coordinator.GroupMetadataManager)
[2017-03-12 12:27:19,951] INFO [GroupCoordinator 0]: Stabilized group console-consumer-5173 generation 1 (kafka.coordinator.GroupCoordinator)
[2017-03-12 12:27:19,951] INFO [Group Metadata Manager on Broker 0]: Loading offsets and group metadata from __consumer_offsets-39 (kafka.coordinator.GroupMetadataManager)
[2017-03-12 12:27:19,952] INFO [Group Metadata Manager on Broker 0]: Finished loading offsets from __consumer_offsets-39 in 1 milliseconds. (kafka.coordinator.GroupMetadataManager)
[2017-03-12 12:27:19,952] INFO [Group Metadata Manager on Broker 0]: Loading offsets and group metadata from __consumer_offsets-42 (kafka.coordinator.GroupMetadataManager)
[2017-03-12 12:27:19,953] INFO [Group Metadata Manager on Broker 0]: Finished loading offsets from __consumer_offsets-42 in 1 milliseconds. (kafka.coordinator.GroupMetadataManager)
[2017-03-12 12:27:19,953] INFO [Group Metadata Manager on Broker 0]: Loading offsets and group metadata from __consumer_offsets-45 (kafka.coordinator.GroupMetadataManager)
[2017-03-12 12:27:19,954] INFO [Group Metadata Manager on Broker 0]: Finished loading offsets from __consumer_offsets-45 in 1 milliseconds. (kafka.coordinator.GroupMetadataManager)
[2017-03-12 12:27:19,954] INFO [Group Metadata Manager on Broker 0]: Loading offsets and group metadata from __consumer_offsets-48 (kafka.coordinator.GroupMetadataManager)
[2017-03-12 12:27:19,967] INFO [Group Metadata Manager on Broker 0]: Finished loading offsets from __consumer_offsets-48 in 11 milliseconds. (kafka.coordinator.GroupMetadataManager)
[2017-03-12 12:27:19,977] INFO [GroupCoordinator 0]: Assignment received from leader for group console-consumer-5173 for generation 1 (kafka.coordinator.GroupCoordinator)
[2017-03-12 12:28:06,625] INFO [Kafka Server 0], shutting down (kafka.server.KafkaServer)
[2017-03-12 12:28:06,626] INFO [Kafka Server 0], Starting controlled shutdown (kafka.server.KafkaServer)
